<?xml version="1.0" encoding="UTF-8"?>
<!-- Generated by org.testng.reporters.JUnitReportReporter -->
<testsuite hostname="LTIN193258" failures="0" tests="1" name="testCases.TC_07_confirmDetails" time="3.613" errors="0" timestamp="2024-03-07T17:19:32 IST" skipped="0">
  <testcase classname="testCases.TC_07_confirmDetails" name="confirm_the_details_in_confirm_details_section" time="3.613"/>
</testsuite> <!-- testCases.TC_07_confirmDetails -->
