<?xml version="1.0" encoding="UTF-8"?>
<!-- Generated by org.testng.reporters.JUnitReportReporter -->
<testsuite hostname="LTIN193258" failures="0" tests="2" name="testCases.TC_04_living" time="4.214" errors="0" timestamp="2024-03-07T17:19:32 IST" skipped="0">
  <testcase classname="testCases.TC_04_living" name="user_clicks_on_the_living_menu" time="0.145"/>
  <testcase classname="testCases.TC_04_living" name="retrieve_all_items_under_living_storage_sub_menu_and_print_the_same_on_the_console" time="4.069"/>
</testsuite> <!-- testCases.TC_04_living -->
