<?xml version="1.0" encoding="UTF-8"?>
<!-- Generated by org.testng.reporters.JUnitReportReporter -->
<testsuite hostname="LTIN193258" failures="0" tests="3" name="testCases.TC_01_itemToBeSearched" time="12.810" errors="0" timestamp="2024-03-07T17:27:37 IST" skipped="0">
  <testcase classname="testCases.TC_01_itemToBeSearched" name="openBrowser" time="5.411"/>
  <testcase classname="testCases.TC_01_itemToBeSearched" name="getItemName" time="5.152"/>
  <testcase classname="testCases.TC_01_itemToBeSearched" name="closePopUp" time="2.247"/>
</testsuite> <!-- testCases.TC_01_itemToBeSearched -->
