<?xml version="1.0" encoding="UTF-8"?>
<!-- Generated by org.testng.reporters.JUnitReportReporter -->
<testsuite hostname="LTIN193258" failures="0" tests="5" name="testCases.TC_05_giftCard" time="23.916" errors="0" timestamp="2024-03-07T17:27:37 IST" skipped="0">
  <testcase classname="testCases.TC_05_giftCard" name="user_clicks_on_gift_cards" time="6.873"/>
  <testcase classname="testCases.TC_05_giftCard" name="chooses_birthday_or_anniversary" time="5.105"/>
  <testcase classname="testCases.TC_05_giftCard" name="enters_the_valid_amount_month_and_date" time="3.703"/>
  <testcase classname="testCases.TC_05_giftCard" name="clicks_on_the_next_button" time="3.098"/>
  <testcase classname="testCases.TC_05_giftCard" name="fills_to_from_details" time="5.137"/>
</testsuite> <!-- testCases.TC_05_giftCard -->
