<?xml version="1.0" encoding="UTF-8"?>
<!-- Generated by org.testng.reporters.JUnitReportReporter -->
<testsuite hostname="LTIN193258" failures="0" tests="2" name="testCases.TC_06_validation" time="24.510" errors="0" timestamp="2024-03-07T17:27:37 IST" skipped="0">
  <testcase classname="testCases.TC_06_validation" name="validate_the_email_id" time="11.257"/>
  <testcase classname="testCases.TC_06_validation" name="the_id_is_not_valid_and_user_gives_correct_email_id" time="13.253"/>
</testsuite> <!-- testCases.TC_06_validation -->
